<?xml version="1.0" encoding="UTF-8"?>
<!-- Generated by org.testng.reporters.JUnitXMLReporter -->
<testsuite ignored="0" hostname="Unknown-" failures="0" tests="11" name="Free Crm Application Test Suite" time="165.875" errors="0" timestamp="2023-03-14T03:49:42 EDT">
  <testcase classname="testcases.TestOfLoginPage" name="checkLoginPageTitle" time="0.029"/>
  <testcase classname="testcases.TestOfLoginPage" name="loginToFreeCrm" time="0.662"/>
  <testcase classname="testcases.TestOfHomePage" name="verifyHomePageTitle" time="0.009"/>
  <testcase classname="testcases.TestOfHomePage" name="verifyHomePageImage" time="1.477"/>
  <testcase classname="testcases.TestOfHomePage" name="verifyHomePageUsername" time="1.074"/>
  <testcase classname="testcases.TestOfContactPage" name="verifyContactLableDisplayed" time="0.081"/>
  <testcase classname="testcases.TestOfContactPage" name="verifyContactLink" time="0.202"/>
  <testcase classname="testcases.TestOfAddContactPage" name="createNewContact" time="6.419"/>
  <testcase classname="testcases.TestOfAddContactPage" name="createNewContact" time="6.391"/>
  <testcase classname="testcases.TestOfAddContactPage" name="createNewContact" time="5.336"/>
  <testcase classname="testcases.TestOfAddContactPage" name="verifyAddContactLable" time="0.037"/>
</testsuite> <!-- Free Crm Application Test Suite -->
