<?xml version="1.0" encoding="UTF-8"?>
<testng-results ignored="0" total="2" passed="2" failed="0" skipped="0">
  <reporter-output>
  </reporter-output>
  <suite started-at="2023-03-19T19:29:04 EDT" name="Default suite" finished-at="2023-03-19T19:29:37 EDT" duration-ms="33394">
    <groups>
    </groups>
    <test started-at="2023-03-19T19:29:04 EDT" name="Default test" finished-at="2023-03-19T19:29:37 EDT" duration-ms="33394">
      <class name="testcases.TestOfLoginPage">
        <test-method is-config="true" signature="setUp()[pri:0, instance:testcases.TestOfLoginPage@6404f418]" started-at="2023-03-19T19:29:04 EDT" name="setUp" finished-at="2023-03-19T19:29:19 EDT" duration-ms="14923" status="PASS">
          <reporter-output>
          </reporter-output>
        </test-method> <!-- setUp -->
        <test-method signature="checkLoginPageTitle()[pri:1, instance:testcases.TestOfLoginPage@6404f418]" started-at="2023-03-19T19:29:19 EDT" name="checkLoginPageTitle" finished-at="2023-03-19T19:29:19 EDT" duration-ms="21" status="PASS">
          <reporter-output>
          </reporter-output>
        </test-method> <!-- checkLoginPageTitle -->
        <test-method is-config="true" signature="tearDown()[pri:0, instance:testcases.TestOfLoginPage@6404f418]" started-at="2023-03-19T19:29:19 EDT" name="tearDown" finished-at="2023-03-19T19:29:21 EDT" duration-ms="2567" status="PASS">
          <reporter-output>
          </reporter-output>
        </test-method> <!-- tearDown -->
        <test-method is-config="true" signature="setUp()[pri:0, instance:testcases.TestOfLoginPage@6404f418]" started-at="2023-03-19T19:29:21 EDT" name="setUp" finished-at="2023-03-19T19:29:34 EDT" duration-ms="12701" status="PASS">
          <reporter-output>
          </reporter-output>
        </test-method> <!-- setUp -->
        <test-method signature="loginToFreeCrm()[pri:2, instance:testcases.TestOfLoginPage@6404f418]" started-at="2023-03-19T19:29:34 EDT" name="loginToFreeCrm" finished-at="2023-03-19T19:29:35 EDT" duration-ms="649" status="PASS">
          <reporter-output>
          </reporter-output>
        </test-method> <!-- loginToFreeCrm -->
        <test-method is-config="true" signature="tearDown()[pri:0, instance:testcases.TestOfLoginPage@6404f418]" started-at="2023-03-19T19:29:35 EDT" name="tearDown" finished-at="2023-03-19T19:29:37 EDT" duration-ms="2429" status="PASS">
          <reporter-output>
          </reporter-output>
        </test-method> <!-- tearDown -->
      </class> <!-- testcases.TestOfLoginPage -->
    </test> <!-- Default test -->
  </suite> <!-- Default suite -->
</testng-results>
